[06:47:54] [main/WARN]: Ambiguity between arguments [teleport, destination] and [teleport, targets] with inputs: [Player, 0123, @e, dd12be42-52a9-4a91-a8a1-11c01849e498]
[06:47:54] [main/WARN]: Ambiguity between arguments [teleport, location] and [teleport, destination] with inputs: [0.1 -0.5 .9, 0 0 0]
[06:47:54] [main/WARN]: Ambiguity between arguments [teleport, location] and [teleport, targets] with inputs: [0.1 -0.5 .9, 0 0 0]
[06:47:54] [main/WARN]: Ambiguity between arguments [teleport, targets] and [teleport, destination] with inputs: [Player, 0123, dd12be42-52a9-4a91-a8a1-11c01849e498]
[06:47:54] [main/WARN]: Ambiguity between arguments [teleport, targets, location] and [teleport, targets, destination] with inputs: [0.1 -0.5 .9, 0 0 0]
[06:47:54] [Server thread/INFO]: Starting minecraft server version 1.14.3
[06:47:54] [Server thread/INFO]: Loading properties
[06:47:54] [Server thread/INFO]: Default game type: SURVIVAL
[06:47:54] [Server thread/INFO]: Generating keypair
[06:47:55] [Server thread/INFO]: Starting Minecraft server on *:25565
[06:47:55] [Server thread/INFO]: Using epoll channel type
[06:47:55] [Server thread/INFO]: Preparing level "world"
[06:47:55] [Server thread/INFO]: Reloading ResourceManager: Default
[06:48:31] [Server thread/INFO]: Loaded 6 recipes
[06:48:33] [Server thread/INFO]: Loaded 811 advancements
[06:48:33] [Server thread/INFO]: Preparing start region for dimension minecraft:overworld
[06:48:36] [Server thread/INFO]: Preparing spawn area: 0%
[06:48:36] [Server thread/INFO]: Preparing spawn area: 0%
[06:48:36] [Server thread/INFO]: Preparing spawn area: 0%
[06:48:36] [Server thread/INFO]: Preparing spawn area: 0%
[06:48:36] [Server thread/INFO]: Preparing spawn area: 0%
[06:48:36] [Server thread/INFO]: Preparing spawn area: 0%
[06:48:36] [Server thread/INFO]: Preparing spawn area: 0%
[06:48:37] [Server thread/INFO]: Preparing spawn area: 0%
[06:48:38] [Server thread/INFO]: Preparing spawn area: 0%
[06:48:38] [Server thread/INFO]: Preparing spawn area: 0%
[06:48:38] [Server thread/INFO]: Time elapsed: 5319 ms
[06:48:38] [Server thread/INFO]: Done (43.045s)! For help, type "help"
[06:58:14] [Server thread/INFO]: Unknown command
[06:58:14] [Server thread/INFO]: as<--[HERE]
[07:21:46] [Server thread/INFO]: Unknown command
[07:21:46] [Server thread/INFO]: sa<--[HERE]
[07:22:03] [Server thread/INFO]: Unknown command
[07:22:03] [Server thread/INFO]: /players<--[HERE]
[07:22:06] [Server thread/INFO]: Unknown command
[07:22:06] [Server thread/INFO]: /connections<--[HERE]
[07:22:07] [Server thread/INFO]: Unknown command
[07:22:07] [Server thread/INFO]: <--[HERE]
[07:22:10] [Server thread/INFO]: Unknown command
[07:22:10] [Server thread/INFO]: /status<--[HERE]
